\BOOKMARK [0][-]{chapter.1}{\376\377\217\220\134\004\164\006\213\272\151\202\211\201\116\016\157\300\121\111\166\204\116\247\165\037\147\141\116\366}{}% 1
\BOOKMARK [1][-]{section.1.1}{\376\377\121\111\166\204\154\342\174\222\116\214\214\141\140\047}{chapter.1}% 2
\BOOKMARK [1][-]{section.1.2}{\376\377\123\237\133\120\166\204\200\375\176\247\124\214\217\220\134\004\215\303\217\301}{chapter.1}% 3
\BOOKMARK [1][-]{section.1.3}{\376\377\121\111\166\204\123\327\157\300\217\220\134\004}{chapter.1}% 4
\BOOKMARK [1][-]{section.1.4}{\376\377\121\111\214\061\176\277\130\236\133\275}{chapter.1}% 5
\BOOKMARK [1][-]{section.1.5}{\376\377\157\300\121\111\137\142\142\020\166\204\147\141\116\366}{chapter.1}% 6
\BOOKMARK [0][-]{chapter.2}{\376\377\157\300\121\111\126\150\166\204\135\345\117\134\123\237\164\006}{}% 7
\BOOKMARK [1][-]{section.2.1}{\376\377\123\237\133\120\200\375\176\247\124\214\173\200\136\166\136\246}{chapter.2}% 8
\BOOKMARK [1][-]{section.2.2}{\376\377\123\237\133\120\162\266\140\001\166\204\150\007\213\260}{chapter.2}% 9
\BOOKMARK [1][-]{section.2.3}{\376\377\000B\000o\000l\000t\000z\000m\000a\000n\000'\000s\000\040\122\006\136\003}{chapter.2}% 10
\BOOKMARK [1][-]{section.2.4}{\376\377\217\220\134\004\215\303\217\301\124\214\227\136\217\220\134\004\215\303\217\301}{chapter.2}% 11
\BOOKMARK [0][-]{chapter.3}{\376\377\157\300\121\111\126\150\166\204\217\223\121\372\162\171\140\047}{}% 12
\BOOKMARK [1][-]{section.3.1}{\376\377\121\111\133\146\214\020\143\057\201\124\166\204\210\115\134\004\164\006\213\272}{chapter.3}% 13
\BOOKMARK [1][-]{section.3.2}{\376\377\133\371\171\360\121\161\161\046\201\124\121\205\131\026\166\204\121\111\127\072\122\006\136\003}{chapter.3}% 14
\BOOKMARK [1][-]{section.3.3}{\376\377\232\330\145\257\121\111\147\137\166\204\117\040\144\255\162\171\140\047}{chapter.3}% 15
\BOOKMARK [1][-]{section.3.4}{\376\377\172\063\133\232\164\003\227\142\201\124\166\204\121\111\147\137\117\040\144\255\162\171\140\047}{chapter.3}% 16
\BOOKMARK [1][-]{section.3.5}{\376\377\121\166\116\326\121\340\171\315\136\070\165\050\166\204\157\300\121\111\121\111\147\137}{chapter.3}% 17
\BOOKMARK [1][-]{section.3.6}{\376\377\157\300\121\111\126\150\166\204\217\223\121\372\122\237\163\207}{chapter.3}% 18
\BOOKMARK [1][-]{section.3.7}{\376\377\157\300\121\111\126\150\166\204\176\277\133\275\147\201\226\120}{chapter.3}% 19
\BOOKMARK [1][-]{section.3.8}{\376\377\157\300\121\111\121\111\147\137\215\050\221\317\166\204\124\301\215\050\126\340\133\120\000M\0002\003\002}{chapter.3}% 20
\BOOKMARK [1][-]{section.3.9}{\376\377\152\041\137\017\157\300\121\111\166\204\147\320\116\233\116\000\226\066\176\337\213\241\140\047\215\050}{chapter.3}% 21
\BOOKMARK [0][-]{chapter.4}{\376\377\157\300\121\111\166\204\127\372\147\054\142\200\147\057}{}% 22
\BOOKMARK [1][-]{section.4.1}{\376\377\157\300\121\111\126\150\217\223\121\372\166\204\220\011\152\041}{chapter.4}% 23
\BOOKMARK [1][-]{section.4.2}{\376\377\157\300\121\111\126\150\166\204\172\063\230\221}{chapter.4}% 24
\BOOKMARK [1][-]{section.4.3}{\376\377\157\300\121\111\147\137\166\204\123\330\143\142}{chapter.4}% 25
\BOOKMARK [1][-]{section.4.4}{\376\377\157\300\121\111\214\003\122\066\142\200\147\057}{chapter.4}% 26
\BOOKMARK [1][-]{section.4.5}{\376\377\157\300\121\111\120\117\217\154\142\200\147\057}{chapter.4}% 27
\BOOKMARK [1][-]{section.4.6}{\376\377\157\300\121\111\214\003\000Q\142\200\147\057}{chapter.4}% 28
\BOOKMARK [1][-]{section.4.7}{\376\377\157\300\121\111\225\001\152\041\142\200\147\057}{chapter.4}% 29
\BOOKMARK [0][-]{chapter.5}{\376\377\121\170\127\213\157\300\121\111\126\150\116\313\176\315}{}% 30
\BOOKMARK [1][-]{section.5.1}{\376\377\126\372\117\123\157\300\121\111\126\150}{chapter.5}% 31
\BOOKMARK [1][-]{section.5.2}{\376\377\154\024\117\123\157\300\121\111\126\150}{chapter.5}% 32
\BOOKMARK [1][-]{section.5.3}{\376\377\147\323\145\231\157\300\121\111\126\150}{chapter.5}% 33
\BOOKMARK [1][-]{section.5.4}{\376\377\123\112\133\374\117\123\157\300\121\111\126\150}{chapter.5}% 34
\BOOKMARK [1][-]{section.5.5}{\376\377\121\166\116\326\157\300\121\111\126\150}{chapter.5}% 35
